Partition Merge report for top
Sun Oct 18 12:44:31 2015
Quartus II 32-bit Version 13.0.1 Build 232 06/12/2013 Service Pack 1 SJ Full Version


---------------------
; Table of Contents ;
---------------------
  1. Legal Notice
  2. Partition Merge Summary
  3. Partition Merge Netlist Types Used
  4. Partition Merge Partition Statistics
  5. Partition Merge Partition Pin Processing
  6. Partition Merge Resource Usage Summary
  7. Partition Merge RAM Summary
  8. Partition Merge DSP Block Usage Summary
  9. Partition Merge Messages



----------------
; Legal Notice ;
----------------
Copyright (C) 1991-2013 Altera Corporation
Your use of Altera Corporation's design tools, logic functions 
and other software and tools, and its AMPP partner logic 
functions, and any output files from any of the foregoing 
(including device programming or simulation files), and any 
associated documentation or information are expressly subject 
to the terms and conditions of the Altera Program License 
Subscription Agreement, Altera MegaCore Function License 
Agreement, or other applicable license agreement, including, 
without limitation, that your use is for the sole purpose of 
programming logic devices manufactured by Altera and sold by 
Altera or its authorized distributors.  Please refer to the 
applicable agreement for further details.



+---------------------------------------------------------------------------------------+
; Partition Merge Summary                                                               ;
+------------------------------------+--------------------------------------------------+
; Partition Merge Status             ; Successful - Sun Oct 18 12:44:31 2015            ;
; Quartus II 32-bit Version          ; 13.0.1 Build 232 06/12/2013 SP 1 SJ Full Version ;
; Revision Name                      ; top                                              ;
; Top-level Entity Name              ; top                                              ;
; Family                             ; Cyclone IV E                                     ;
; Total logic elements               ; 643                                              ;
;     Total combinational functions  ; 619                                              ;
;     Dedicated logic registers      ; 117                                              ;
; Total registers                    ; 117                                              ;
; Total pins                         ; 18                                               ;
; Total virtual pins                 ; 0                                                ;
; Total memory bits                  ; 6,144                                            ;
; Embedded Multiplier 9-bit elements ; 1                                                ;
; Total PLLs                         ; 0                                                ;
+------------------------------------+--------------------------------------------------+


+-------------------------------------------------------------------------------------------------------------------------------+
; Partition Merge Netlist Types Used                                                                                            ;
+--------------------------------+----------------+-------------------+------------------------+--------------------------------+
; Partition Name                 ; Partition Type ; Netlist Type Used ; Netlist Type Requested ; Partition Contents             ;
+--------------------------------+----------------+-------------------+------------------------+--------------------------------+
; Top                            ; User-created   ; Source File       ; Post-Fit               ;                                ;
; hard_block:auto_generated_inst ; Auto-generated ; Source File       ; Source File            ; hard_block:auto_generated_inst ;
+--------------------------------+----------------+-------------------+------------------------+--------------------------------+


+-------------------------------------------------------------------------------------+
; Partition Merge Partition Statistics                                                ;
+---------------------------------------------+------+--------------------------------+
; Statistic                                   ; Top  ; hard_block:auto_generated_inst ;
+---------------------------------------------+------+--------------------------------+
; Estimated Total logic elements              ; 643  ; 0                              ;
;                                             ;      ;                                ;
; Total combinational functions               ; 619  ; 0                              ;
; Logic element usage by number of LUT inputs ;      ;                                ;
;     -- 4 input functions                    ; 361  ; 0                              ;
;     -- 3 input functions                    ; 112  ; 0                              ;
;     -- <=2 input functions                  ; 146  ; 0                              ;
;                                             ;      ;                                ;
; Logic elements by mode                      ;      ;                                ;
;     -- normal mode                          ; 486  ; 0                              ;
;     -- arithmetic mode                      ; 133  ; 0                              ;
;                                             ;      ;                                ;
; Total registers                             ; 117  ; 0                              ;
;     -- Dedicated logic registers            ; 117  ; 0                              ;
;                                             ;      ;                                ;
; Virtual pins                                ; 0    ; 0                              ;
; I/O pins                                    ; 18   ; 0                              ;
; Embedded Multiplier 9-bit elements          ; 1    ; 0                              ;
; Total memory bits                           ; 6144 ; 0                              ;
; Total RAM block bits                        ; 0    ; 0                              ;
;                                             ;      ;                                ;
; Connections                                 ;      ;                                ;
;     -- Input Connections                    ; 0    ; 0                              ;
;     -- Registered Input Connections         ; 0    ; 0                              ;
;     -- Output Connections                   ; 0    ; 0                              ;
;     -- Registered Output Connections        ; 0    ; 0                              ;
;                                             ;      ;                                ;
; Internal Connections                        ;      ;                                ;
;     -- Total Connections                    ; 2683 ; 0                              ;
;     -- Registered Connections               ; 772  ; 0                              ;
;                                             ;      ;                                ;
; External Connections                        ;      ;                                ;
;     -- Top                                  ; 0    ; 0                              ;
;     -- hard_block:auto_generated_inst       ; 0    ; 0                              ;
;                                             ;      ;                                ;
; Partition Interface                         ;      ;                                ;
;     -- Input Ports                          ; 3    ; 0                              ;
;     -- Output Ports                         ; 15   ; 0                              ;
;     -- Bidir Ports                          ; 0    ; 0                              ;
;                                             ;      ;                                ;
; Registered Ports                            ;      ;                                ;
;     -- Registered Input Ports               ; 0    ; 0                              ;
;     -- Registered Output Ports              ; 0    ; 0                              ;
;                                             ;      ;                                ;
; Port Connectivity                           ;      ;                                ;
;     -- Input Ports driven by GND            ; 0    ; 0                              ;
;     -- Output Ports driven by GND           ; 0    ; 0                              ;
;     -- Input Ports driven by VCC            ; 0    ; 0                              ;
;     -- Output Ports driven by VCC           ; 0    ; 0                              ;
;     -- Input Ports with no Source           ; 0    ; 0                              ;
;     -- Output Ports with no Source          ; 0    ; 0                              ;
;     -- Input Ports with no Fanout           ; 0    ; 0                              ;
;     -- Output Ports with no Fanout          ; 0    ; 0                              ;
+---------------------------------------------+------+--------------------------------+
Note: Resource usage numbers presented for Partitions containing post-synthesis logic are estimates.  For Partitions containing post-fit logic, resource usage numbers are accurate based on previous placement information.  Actual Fitter results may vary depending on current Fitter Preservation Level assignments.


+----------------------------------------------------------------------------+
; Partition Merge Partition Pin Processing                                   ;
+-----------------------+-----------+---------------+----------+-------------+
; Name                  ; Partition ; Type          ; Location ; Status      ;
+-----------------------+-----------+---------------+----------+-------------+
; clk                   ; Top       ; Input Port    ; n/a      ;             ;
;     -- clk            ; Top       ; Input Pad     ; Unplaced ; Synthesized ;
;     -- clk~input      ; Top       ; Input Buffer  ; Unplaced ; Synthesized ;
;                       ;           ;               ;          ;             ;
; odig[0]               ; Top       ; Output Port   ; n/a      ;             ;
;     -- odig[0]        ; Top       ; Output Pad    ; Unplaced ; Synthesized ;
;     -- odig[0]~output ; Top       ; Output Buffer ; Unplaced ; Synthesized ;
;                       ;           ;               ;          ;             ;
; odig[1]               ; Top       ; Output Port   ; n/a      ;             ;
;     -- odig[1]        ; Top       ; Output Pad    ; Unplaced ; Synthesized ;
;     -- odig[1]~output ; Top       ; Output Buffer ; Unplaced ; Synthesized ;
;                       ;           ;               ;          ;             ;
; odig[2]               ; Top       ; Output Port   ; n/a      ;             ;
;     -- odig[2]        ; Top       ; Output Pad    ; Unplaced ; Synthesized ;
;     -- odig[2]~output ; Top       ; Output Buffer ; Unplaced ; Synthesized ;
;                       ;           ;               ;          ;             ;
; odig[3]               ; Top       ; Output Port   ; n/a      ;             ;
;     -- odig[3]        ; Top       ; Output Pad    ; Unplaced ; Synthesized ;
;     -- odig[3]~output ; Top       ; Output Buffer ; Unplaced ; Synthesized ;
;                       ;           ;               ;          ;             ;
; oled[0]               ; Top       ; Output Port   ; n/a      ;             ;
;     -- oled[0]        ; Top       ; Output Pad    ; Unplaced ; Synthesized ;
;     -- oled[0]~output ; Top       ; Output Buffer ; Unplaced ; Synthesized ;
;                       ;           ;               ;          ;             ;
; oled[1]               ; Top       ; Output Port   ; n/a      ;             ;
;     -- oled[1]        ; Top       ; Output Pad    ; Unplaced ; Synthesized ;
;     -- oled[1]~output ; Top       ; Output Buffer ; Unplaced ; Synthesized ;
;                       ;           ;               ;          ;             ;
; oled[2]               ; Top       ; Output Port   ; n/a      ;             ;
;     -- oled[2]        ; Top       ; Output Pad    ; Unplaced ; Synthesized ;
;     -- oled[2]~output ; Top       ; Output Buffer ; Unplaced ; Synthesized ;
;                       ;           ;               ;          ;             ;
; oled[3]               ; Top       ; Output Port   ; n/a      ;             ;
;     -- oled[3]        ; Top       ; Output Pad    ; Unplaced ; Synthesized ;
;     -- oled[3]~output ; Top       ; Output Buffer ; Unplaced ; Synthesized ;
;                       ;           ;               ;          ;             ;
; oseg[0]               ; Top       ; Output Port   ; n/a      ;             ;
;     -- oseg[0]        ; Top       ; Output Pad    ; Unplaced ; Synthesized ;
;     -- oseg[0]~output ; Top       ; Output Buffer ; Unplaced ; Synthesized ;
;                       ;           ;               ;          ;             ;
; oseg[1]               ; Top       ; Output Port   ; n/a      ;             ;
;     -- oseg[1]        ; Top       ; Output Pad    ; Unplaced ; Synthesized ;
;     -- oseg[1]~output ; Top       ; Output Buffer ; Unplaced ; Synthesized ;
;                       ;           ;               ;          ;             ;
; oseg[2]               ; Top       ; Output Port   ; n/a      ;             ;
;     -- oseg[2]        ; Top       ; Output Pad    ; Unplaced ; Synthesized ;
;     -- oseg[2]~output ; Top       ; Output Buffer ; Unplaced ; Synthesized ;
;                       ;           ;               ;          ;             ;
; oseg[3]               ; Top       ; Output Port   ; n/a      ;             ;
;     -- oseg[3]        ; Top       ; Output Pad    ; Unplaced ; Synthesized ;
;     -- oseg[3]~output ; Top       ; Output Buffer ; Unplaced ; Synthesized ;
;                       ;           ;               ;          ;             ;
; oseg[4]               ; Top       ; Output Port   ; n/a      ;             ;
;     -- oseg[4]        ; Top       ; Output Pad    ; Unplaced ; Synthesized ;
;     -- oseg[4]~output ; Top       ; Output Buffer ; Unplaced ; Synthesized ;
;                       ;           ;               ;          ;             ;
; oseg[5]               ; Top       ; Output Port   ; n/a      ;             ;
;     -- oseg[5]        ; Top       ; Output Pad    ; Unplaced ; Synthesized ;
;     -- oseg[5]~output ; Top       ; Output Buffer ; Unplaced ; Synthesized ;
;                       ;           ;               ;          ;             ;
; oseg[6]               ; Top       ; Output Port   ; n/a      ;             ;
;     -- oseg[6]        ; Top       ; Output Pad    ; Unplaced ; Synthesized ;
;     -- oseg[6]~output ; Top       ; Output Buffer ; Unplaced ; Synthesized ;
;                       ;           ;               ;          ;             ;
; pllrst                ; Top       ; Input Port    ; n/a      ;             ;
;     -- pllrst         ; Top       ; Input Pad     ; Unplaced ; Synthesized ;
;     -- pllrst~input   ; Top       ; Input Buffer  ; Unplaced ; Synthesized ;
;                       ;           ;               ;          ;             ;
; rst                   ; Top       ; Input Port    ; n/a      ;             ;
;     -- rst            ; Top       ; Input Pad     ; Unplaced ; Synthesized ;
;     -- rst~input      ; Top       ; Input Buffer  ; Unplaced ; Synthesized ;
;                       ;           ;               ;          ;             ;
+-----------------------+-----------+---------------+----------+-------------+


+---------------------------------------------------------+
; Partition Merge Resource Usage Summary                  ;
+---------------------------------------------+-----------+
; Resource                                    ; Usage     ;
+---------------------------------------------+-----------+
; Estimated Total logic elements              ; 643       ;
;                                             ;           ;
; Total combinational functions               ; 619       ;
; Logic element usage by number of LUT inputs ;           ;
;     -- 4 input functions                    ; 361       ;
;     -- 3 input functions                    ; 112       ;
;     -- <=2 input functions                  ; 146       ;
;                                             ;           ;
; Logic elements by mode                      ;           ;
;     -- normal mode                          ; 486       ;
;     -- arithmetic mode                      ; 133       ;
;                                             ;           ;
; Total registers                             ; 117       ;
;     -- Dedicated logic registers            ; 117       ;
;     -- I/O registers                        ; 0         ;
;                                             ;           ;
; I/O pins                                    ; 18        ;
; Total memory bits                           ; 6144      ;
; Embedded Multiplier 9-bit elements          ; 1         ;
; Maximum fan-out node                        ; clk~input ;
; Maximum fan-out                             ; 128       ;
; Total fan-out                               ; 2668      ;
; Average fan-out                             ; 3.34      ;
+---------------------------------------------+-----------+


+---------------------------------------------------------------------------------------------------------------------------------------------------------------------------------------------------+
; Partition Merge RAM Summary                                                                                                                                                                       ;
+---------------------------------------------------------------------------------------------+------+-------------+--------------+--------------+--------------+--------------+------+-------------+
; Name                                                                                        ; Type ; Mode        ; Port A Depth ; Port A Width ; Port B Depth ; Port B Width ; Size ; MIF         ;
+---------------------------------------------------------------------------------------------+------+-------------+--------------+--------------+--------------+--------------+------+-------------+
; core:cpu|ram1:sta|altsyncram:altsyncram_component|altsyncram_35g1:auto_generated|ALTSYNCRAM ; AUTO ; Single Port ; 512          ; 8            ; --           ; --           ; 4096 ; None        ;
; core:cpu|rom0:si0|altsyncram:altsyncram_component|altsyncram_6t91:auto_generated|ALTSYNCRAM ; AUTO ; ROM         ; 256          ; 8            ; --           ; --           ; 2048 ; test100.mif ;
; core:cpu|rom1:si1|altsyncram:altsyncram_component|altsyncram_7t91:auto_generated|ALTSYNCRAM ; AUTO ; ROM         ; 256          ; 8            ; --           ; --           ; 2048 ; test101.mif ;
+---------------------------------------------------------------------------------------------+------+-------------+--------------+--------------+--------------+--------------+------+-------------+


+-----------------------------------------------------+
; Partition Merge DSP Block Usage Summary             ;
+---------------------------------------+-------------+
; Statistic                             ; Number Used ;
+---------------------------------------+-------------+
; Simple Multipliers (9-bit)            ; 1           ;
; Simple Multipliers (18-bit)           ; 0           ;
; Embedded Multiplier Blocks            ; --          ;
; Embedded Multiplier 9-bit elements    ; 1           ;
; Signed Embedded Multipliers           ; 0           ;
; Unsigned Embedded Multipliers         ; 1           ;
; Mixed Sign Embedded Multipliers       ; 0           ;
; Variable Sign Embedded Multipliers    ; 0           ;
; Dedicated Input Shift Register Chains ; 0           ;
+---------------------------------------+-------------+
Note: number of Embedded Multiplier Blocks used is only available after a successful fit.


+--------------------------+
; Partition Merge Messages ;
+--------------------------+
Info: *******************************************************************
Info: Running Quartus II 32-bit Partition Merge
    Info: Version 13.0.1 Build 232 06/12/2013 Service Pack 1 SJ Full Version
    Info: Processing started: Sun Oct 18 12:44:30 2015
Info: Command: quartus_cdb --read_settings_files=off --write_settings_files=off top -c top --merge=on
Warning (35010): Previously generated Fitter netlist for partition "Top" is older than current Synthesis netlist -- using the current Synthesis netlist instead to ensure that the latest source changes are included
    Info (35011): Set the option to Ignore source file changes to force the Quartus II software to always use a previously generated Fitter netlist
Info (35007): Using synthesis netlist for partition "Top"
Info (35002): Resolved and merged 1 partition(s)
Info (16010): Generating hard_block partition "hard_block:auto_generated_inst"
    Info (16011): Adding 0 node(s), including 0 DDIO, 0 PLL, 0 transceiver and 0 LCELL
Warning (21074): Design contains 1 input pin(s) that do not drive logic
    Warning (15610): No output dependent on input pin "pllrst"
Info (21057): Implemented 694 device resources after synthesis - the final resource count might be different
    Info (21058): Implemented 3 input pins
    Info (21059): Implemented 15 output pins
    Info (21061): Implemented 651 logic cells
    Info (21064): Implemented 24 RAM segments
    Info (21062): Implemented 1 DSP elements
Info: Quartus II 32-bit Partition Merge was successful. 0 errors, 3 warnings
    Info: Peak virtual memory: 350 megabytes
    Info: Processing ended: Sun Oct 18 12:44:31 2015
    Info: Elapsed time: 00:00:01
    Info: Total CPU time (on all processors): 00:00:01


