Flow report for top
Sun Oct 18 12:44:49 2015
Quartus II 32-bit Version 13.0.1 Build 232 06/12/2013 Service Pack 1 SJ Full Version


---------------------
; Table of Contents ;
---------------------
  1. Legal Notice
  2. Flow Summary
  3. Flow Settings
  4. Flow Non-Default Global Settings
  5. Flow Elapsed Time
  6. Flow OS Summary
  7. Flow Log
  8. Flow Messages
  9. Flow Suppressed Messages



----------------
; Legal Notice ;
----------------
Copyright (C) 1991-2013 Altera Corporation
Your use of Altera Corporation's design tools, logic functions 
and other software and tools, and its AMPP partner logic 
functions, and any output files from any of the foregoing 
(including device programming or simulation files), and any 
associated documentation or information are expressly subject 
to the terms and conditions of the Altera Program License 
Subscription Agreement, Altera MegaCore Function License 
Agreement, or other applicable license agreement, including, 
without limitation, that your use is for the sole purpose of 
programming logic devices manufactured by Altera and sold by 
Altera or its authorized distributors.  Please refer to the 
applicable agreement for further details.



+---------------------------------------------------------------------------------------+
; Flow Summary                                                                          ;
+------------------------------------+--------------------------------------------------+
; Flow Status                        ; Successful - Sun Oct 18 12:44:45 2015            ;
; Quartus II 32-bit Version          ; 13.0.1 Build 232 06/12/2013 SP 1 SJ Full Version ;
; Revision Name                      ; top                                              ;
; Top-level Entity Name              ; top                                              ;
; Family                             ; Cyclone IV E                                     ;
; Device                             ; EP4CE6E22C8                                      ;
; Timing Models                      ; Final                                            ;
; Total logic elements               ; 625 / 6,272 ( 10 % )                             ;
;     Total combinational functions  ; 619 / 6,272 ( 10 % )                             ;
;     Dedicated logic registers      ; 117 / 6,272 ( 2 % )                              ;
; Total registers                    ; 117                                              ;
; Total pins                         ; 18 / 92 ( 20 % )                                 ;
; Total virtual pins                 ; 0                                                ;
; Total memory bits                  ; 6,144 / 276,480 ( 2 % )                          ;
; Embedded Multiplier 9-bit elements ; 1 / 30 ( 3 % )                                   ;
; Total PLLs                         ; 0 / 2 ( 0 % )                                    ;
+------------------------------------+--------------------------------------------------+


+-----------------------------------------+
; Flow Settings                           ;
+-------------------+---------------------+
; Option            ; Setting             ;
+-------------------+---------------------+
; Start date & time ; 10/17/2015 23:52:31 ;
; Main task         ; Compilation         ;
; Revision Name     ; top                 ;
+-------------------+---------------------+


+----------------------------------------------------------------------------------------------------------------+
; Flow Non-Default Global Settings                                                                               ;
+-------------------------------------+-------------------------------+---------------+-------------+------------+
; Assignment Name                     ; Value                         ; Default Value ; Entity Name ; Section Id ;
+-------------------------------------+-------------------------------+---------------+-------------+------------+
; COMPILER_SIGNATURE_ID               ; 1097367354004.144509715008480 ; --            ; --          ; --         ;
; IP_TOOL_NAME                        ; ROM: 1-PORT                   ; --            ; --          ; --         ;
; IP_TOOL_NAME                        ; ROM: 1-PORT                   ; --            ; --          ; --         ;
; IP_TOOL_NAME                        ; ALTPLL                        ; --            ; --          ; --         ;
; IP_TOOL_VERSION                     ; 13.0                          ; --            ; --          ; --         ;
; IP_TOOL_VERSION                     ; 13.0                          ; --            ; --          ; --         ;
; IP_TOOL_VERSION                     ; 13.0                          ; --            ; --          ; --         ;
; MAX_CORE_JUNCTION_TEMP              ; 85                            ; --            ; --          ; --         ;
; MIN_CORE_JUNCTION_TEMP              ; 0                             ; --            ; --          ; --         ;
; MISC_FILE                           ; rom1_bb.v                     ; --            ; --          ; --         ;
; MISC_FILE                           ; rom0_bb.v                     ; --            ; --          ; --         ;
; MISC_FILE                           ; pll_bb.v                      ; --            ; --          ; --         ;
; MISC_FILE                           ; pll.ppf                       ; --            ; --          ; --         ;
; OUTPUT_IO_TIMING_FAR_END_VMEAS      ; Half Signal Swing             ; --            ; --          ; --         ;
; OUTPUT_IO_TIMING_FAR_END_VMEAS      ; Half Signal Swing             ; --            ; --          ; --         ;
; OUTPUT_IO_TIMING_NEAR_END_VMEAS     ; Half Vccio                    ; --            ; --          ; --         ;
; OUTPUT_IO_TIMING_NEAR_END_VMEAS     ; Half Vccio                    ; --            ; --          ; --         ;
; PARTITION_COLOR                     ; 16764057                      ; --            ; --          ; Top        ;
; PARTITION_FITTER_PRESERVATION_LEVEL ; PLACEMENT_AND_ROUTING         ; --            ; --          ; Top        ;
; PARTITION_NETLIST_TYPE              ; SOURCE                        ; --            ; --          ; Top        ;
; PROJECT_OUTPUT_DIRECTORY            ; output_files                  ; --            ; --          ; --         ;
+-------------------------------------+-------------------------------+---------------+-------------+------------+


+-------------------------------------------------------------------------------------------------------------------------------+
; Flow Elapsed Time                                                                                                             ;
+---------------------------+--------------+-------------------------+---------------------+------------------------------------+
; Module Name               ; Elapsed Time ; Average Processors Used ; Peak Virtual Memory ; Total CPU Time (on all processors) ;
+---------------------------+--------------+-------------------------+---------------------+------------------------------------+
; Analysis & Synthesis      ; 00:00:08     ; 1.0                     ; 364 MB              ; 00:00:09                           ;
; Fitter                    ; 00:00:11     ; 1.2                     ; 575 MB              ; 00:00:13                           ;
; Assembler                 ; 00:00:01     ; 1.0                     ; 357 MB              ; 00:00:02                           ;
; TimeQuest Timing Analyzer ; 00:00:04     ; 1.0                     ; 383 MB              ; 00:00:04                           ;
; Analysis & Synthesis      ; 00:00:07     ; 1.4                     ; 403 MB              ; 00:00:09                           ;
; Partition Merge           ; 00:00:01     ; 1.0                     ; 361 MB              ; 00:00:01                           ;
; Fitter                    ; 00:00:08     ; 1.4                     ; 575 MB              ; 00:00:09                           ;
; Assembler                 ; 00:00:01     ; 1.0                     ; 357 MB              ; 00:00:01                           ;
; TimeQuest Timing Analyzer ; 00:00:03     ; 1.5                     ; 387 MB              ; 00:00:03                           ;
; Analysis & Synthesis      ; 00:00:07     ; 1.5                     ; 407 MB              ; 00:00:09                           ;
; Partition Merge           ; 00:00:01     ; 1.0                     ; 361 MB              ; 00:00:01                           ;
; Fitter                    ; 00:00:09     ; 1.1                     ; 580 MB              ; 00:00:09                           ;
; Assembler                 ; 00:00:02     ; 1.0                     ; 357 MB              ; 00:00:02                           ;
; TimeQuest Timing Analyzer ; 00:00:04     ; 1.0                     ; 397 MB              ; 00:00:04                           ;
; Analysis & Synthesis      ; 00:00:14     ; 1.2                     ; 399 MB              ; 00:00:15                           ;
; Analysis & Synthesis      ; 00:00:08     ; 1.4                     ; 398 MB              ; 00:00:09                           ;
; Partition Merge           ; 00:00:01     ; 1.0                     ; 355 MB              ; 00:00:01                           ;
; Fitter                    ; 00:00:09     ; 1.0                     ; 578 MB              ; 00:00:10                           ;
; Assembler                 ; 00:00:02     ; 1.0                     ; 357 MB              ; 00:00:02                           ;
; TimeQuest Timing Analyzer ; 00:00:04     ; 1.0                     ; 386 MB              ; 00:00:04                           ;
; Analysis & Synthesis      ; 00:00:01     ; 1.0                     ; 350 MB              ; 00:00:01                           ;
; Analysis & Synthesis      ; 00:00:02     ; 1.0                     ; 362 MB              ; 00:00:01                           ;
; Partition Merge           ; 00:00:01     ; 1.0                     ; 366 MB              ; 00:00:01                           ;
; Fitter                    ; 00:00:05     ; 1.2                     ; 562 MB              ; 00:00:06                           ;
; Assembler                 ; 00:00:01     ; 1.0                     ; 357 MB              ; 00:00:01                           ;
; TimeQuest Timing Analyzer ; 00:00:04     ; 1.0                     ; 382 MB              ; 00:00:04                           ;
; Analysis & Synthesis      ; 00:00:09     ; 1.0                     ; 364 MB              ; 00:00:09                           ;
; Partition Merge           ; 00:00:01     ; 1.0                     ; 350 MB              ; 00:00:01                           ;
; Fitter                    ; 00:00:09     ; 1.3                     ; 576 MB              ; 00:00:11                           ;
; Assembler                 ; 00:00:01     ; 1.0                     ; 357 MB              ; 00:00:02                           ;
; TimeQuest Timing Analyzer ; 00:00:04     ; 1.3                     ; 379 MB              ; 00:00:04                           ;
; Analysis & Synthesis      ; 00:00:09     ; 1.0                     ; 364 MB              ; 00:00:09                           ;
; Partition Merge           ; 00:00:01     ; 1.0                     ; 350 MB              ; 00:00:01                           ;
; Fitter                    ; 00:00:10     ; 1.2                     ; 574 MB              ; 00:00:11                           ;
; Assembler                 ; 00:00:02     ; 1.0                     ; 357 MB              ; 00:00:02                           ;
; TimeQuest Timing Analyzer ; 00:00:04     ; 1.3                     ; 386 MB              ; 00:00:04                           ;
; Analysis & Synthesis      ; 00:00:09     ; 1.0                     ; 364 MB              ; 00:00:09                           ;
; Partition Merge           ; 00:00:01     ; 1.0                     ; 350 MB              ; 00:00:01                           ;
; Fitter                    ; 00:00:10     ; 1.5                     ; 576 MB              ; 00:00:12                           ;
; Assembler                 ; 00:00:02     ; 1.0                     ; 357 MB              ; 00:00:02                           ;
; TimeQuest Timing Analyzer ; 00:00:04     ; 1.0                     ; 382 MB              ; 00:00:04                           ;
; Analysis & Synthesis      ; 00:00:09     ; 1.0                     ; 364 MB              ; 00:00:09                           ;
; Analysis & Synthesis      ; 00:00:09     ; 1.0                     ; 364 MB              ; 00:00:09                           ;
; Partition Merge           ; 00:00:01     ; 1.0                     ; 350 MB              ; 00:00:01                           ;
; Fitter                    ; 00:00:10     ; 1.2                     ; 576 MB              ; 00:00:11                           ;
; Assembler                 ; 00:00:02     ; 1.0                     ; 357 MB              ; 00:00:02                           ;
; TimeQuest Timing Analyzer ; 00:00:04     ; 1.0                     ; 379 MB              ; 00:00:04                           ;
; Analysis & Synthesis      ; 00:00:09     ; 1.0                     ; 364 MB              ; 00:00:09                           ;
; Partition Merge           ; 00:00:01     ; 1.0                     ; 350 MB              ; 00:00:01                           ;
; Analysis & Synthesis      ; 00:00:09     ; 1.0                     ; 368 MB              ; 00:00:09                           ;
; Partition Merge           ; 00:00:01     ; 1.0                     ; 350 MB              ; 00:00:01                           ;
; Fitter                    ; 00:00:11     ; 1.2                     ; 573 MB              ; 00:00:13                           ;
; Assembler                 ; 00:00:02     ; 1.0                     ; 357 MB              ; 00:00:02                           ;
; TimeQuest Timing Analyzer ; 00:00:04     ; 1.0                     ; 382 MB              ; 00:00:04                           ;
; Analysis & Synthesis      ; 00:00:09     ; 1.0                     ; 364 MB              ; 00:00:09                           ;
; Partition Merge           ; 00:00:00     ; 1.0                     ; 350 MB              ; 00:00:01                           ;
; Fitter                    ; 00:00:10     ; 1.3                     ; 576 MB              ; 00:00:11                           ;
; Assembler                 ; 00:00:01     ; 1.0                     ; 357 MB              ; 00:00:02                           ;
; TimeQuest Timing Analyzer ; 00:00:04     ; 1.0                     ; 382 MB              ; 00:00:04                           ;
; Analysis & Synthesis      ; 00:00:01     ; 1.0                     ; 362 MB              ; 00:00:01                           ;
; Partition Merge           ; 00:00:01     ; 1.0                     ; 366 MB              ; 00:00:01                           ;
; Fitter                    ; 00:00:01     ; 1.0                     ; 387 MB              ; 00:00:01                           ;
; Analysis & Synthesis      ; 00:00:09     ; 1.0                     ; 364 MB              ; 00:00:09                           ;
; Partition Merge           ; 00:00:01     ; 1.0                     ; 350 MB              ; 00:00:01                           ;
; Fitter                    ; 00:00:10     ; 1.6                     ; 574 MB              ; 00:00:11                           ;
; Assembler                 ; 00:00:02     ; 1.0                     ; 357 MB              ; 00:00:01                           ;
; TimeQuest Timing Analyzer ; 00:00:03     ; 1.0                     ; 391 MB              ; 00:00:04                           ;
; Analysis & Synthesis      ; 00:00:10     ; 1.0                     ; 364 MB              ; 00:00:09                           ;
; Partition Merge           ; 00:00:01     ; 1.0                     ; 350 MB              ; 00:00:01                           ;
; Fitter                    ; 00:00:13     ; 1.3                     ; 574 MB              ; 00:00:15                           ;
; Assembler                 ; 00:00:01     ; 1.0                     ; 357 MB              ; 00:00:01                           ;
; TimeQuest Timing Analyzer ; 00:00:04     ; 1.0                     ; 378 MB              ; 00:00:04                           ;
; Analysis & Synthesis      ; 00:00:01     ; 1.0                     ; 362 MB              ; 00:00:02                           ;
; Partition Merge           ; 00:00:01     ; 1.0                     ; 366 MB              ; 00:00:01                           ;
; Fitter                    ; 00:00:07     ; 1.2                     ; 557 MB              ; 00:00:07                           ;
; Assembler                 ; 00:00:02     ; 1.0                     ; 357 MB              ; 00:00:02                           ;
; TimeQuest Timing Analyzer ; 00:00:03     ; 1.0                     ; 383 MB              ; 00:00:04                           ;
; Analysis & Synthesis      ; 00:00:09     ; 1.0                     ; 364 MB              ; 00:00:09                           ;
; Partition Merge           ; 00:00:01     ; 1.0                     ; 350 MB              ; 00:00:01                           ;
; Fitter                    ; 00:00:11     ; 1.1                     ; 573 MB              ; 00:00:12                           ;
; Assembler                 ; 00:00:01     ; 1.0                     ; 357 MB              ; 00:00:02                           ;
; TimeQuest Timing Analyzer ; 00:00:04     ; 1.0                     ; 387 MB              ; 00:00:04                           ;
; Analysis & Synthesis      ; 00:00:09     ; 1.0                     ; 364 MB              ; 00:00:09                           ;
; Partition Merge           ; 00:00:01     ; 1.0                     ; 350 MB              ; 00:00:01                           ;
; Fitter                    ; 00:00:11     ; 1.2                     ; 577 MB              ; 00:00:12                           ;
; Assembler                 ; 00:00:02     ; 1.0                     ; 357 MB              ; 00:00:02                           ;
; TimeQuest Timing Analyzer ; 00:00:03     ; 1.0                     ; 375 MB              ; 00:00:04                           ;
; Analysis & Synthesis      ; 00:00:10     ; 1.0                     ; 364 MB              ; 00:00:09                           ;
; Partition Merge           ; 00:00:00     ; 1.0                     ; 350 MB              ; 00:00:01                           ;
; Fitter                    ; 00:00:11     ; 1.3                     ; 573 MB              ; 00:00:12                           ;
; Assembler                 ; 00:00:02     ; 1.0                     ; 357 MB              ; 00:00:01                           ;
; TimeQuest Timing Analyzer ; 00:00:03     ; 1.0                     ; 391 MB              ; 00:00:03                           ;
; Analysis & Synthesis      ; 00:00:10     ; 1.0                     ; 364 MB              ; 00:00:09                           ;
; Partition Merge           ; 00:00:01     ; 1.0                     ; 350 MB              ; 00:00:01                           ;
; Fitter                    ; 00:00:10     ; 1.1                     ; 573 MB              ; 00:00:12                           ;
; Assembler                 ; 00:00:01     ; 1.0                     ; 357 MB              ; 00:00:02                           ;
; TimeQuest Timing Analyzer ; 00:00:04     ; 1.0                     ; 379 MB              ; 00:00:04                           ;
; Analysis & Synthesis      ; 00:00:09     ; 1.0                     ; 364 MB              ; 00:00:09                           ;
; Partition Merge           ; 00:00:01     ; 1.0                     ; 350 MB              ; 00:00:01                           ;
; Fitter                    ; 00:00:13     ; 1.3                     ; 574 MB              ; 00:00:15                           ;
; Assembler                 ; 00:00:02     ; 1.0                     ; 357 MB              ; 00:00:01                           ;
; TimeQuest Timing Analyzer ; 00:00:03     ; 1.0                     ; 379 MB              ; 00:00:04                           ;
; Analysis & Synthesis      ; 00:00:09     ; 1.0                     ; 364 MB              ; 00:00:09                           ;
; Partition Merge           ; 00:00:01     ; 1.0                     ; 350 MB              ; 00:00:01                           ;
; Fitter                    ; 00:00:12     ; 1.4                     ; 573 MB              ; 00:00:14                           ;
; Assembler                 ; 00:00:01     ; 1.0                     ; 357 MB              ; 00:00:02                           ;
; TimeQuest Timing Analyzer ; 00:00:04     ; 1.3                     ; 382 MB              ; 00:00:04                           ;
; Analysis & Synthesis      ; 00:00:10     ; 1.0                     ; 364 MB              ; 00:00:09                           ;
; Partition Merge           ; 00:00:01     ; 1.0                     ; 350 MB              ; 00:00:01                           ;
; Fitter                    ; 00:00:11     ; 1.2                     ; 570 MB              ; 00:00:12                           ;
; Assembler                 ; 00:00:02     ; 1.0                     ; 357 MB              ; 00:00:02                           ;
; TimeQuest Timing Analyzer ; 00:00:03     ; 1.0                     ; 383 MB              ; 00:00:04                           ;
; Analysis & Synthesis      ; 00:00:09     ; 1.0                     ; 364 MB              ; 00:00:09                           ;
; Partition Merge           ; 00:00:01     ; 1.0                     ; 350 MB              ; 00:00:01                           ;
; Fitter                    ; 00:00:11     ; 1.2                     ; 574 MB              ; 00:00:12                           ;
; Assembler                 ; 00:00:02     ; 1.0                     ; 357 MB              ; 00:00:02                           ;
; TimeQuest Timing Analyzer ; 00:00:03     ; 1.0                     ; 387 MB              ; 00:00:04                           ;
; Analysis & Synthesis      ; 00:00:09     ; 1.0                     ; 364 MB              ; 00:00:09                           ;
; Partition Merge           ; 00:00:00     ; 1.0                     ; 350 MB              ; 00:00:01                           ;
; Fitter                    ; 00:00:11     ; 1.5                     ; 576 MB              ; 00:00:12                           ;
; Assembler                 ; 00:00:01     ; 1.0                     ; 357 MB              ; 00:00:02                           ;
; TimeQuest Timing Analyzer ; 00:00:04     ; 1.3                     ; 382 MB              ; 00:00:04                           ;
; Analysis & Synthesis      ; 00:00:09     ; 1.0                     ; 364 MB              ; 00:00:09                           ;
; Partition Merge           ; 00:00:01     ; 1.0                     ; 350 MB              ; 00:00:01                           ;
; Fitter                    ; 00:00:11     ; 1.2                     ; 573 MB              ; 00:00:13                           ;
; Assembler                 ; 00:00:01     ; 1.0                     ; 357 MB              ; 00:00:02                           ;
; TimeQuest Timing Analyzer ; 00:00:04     ; 1.0                     ; 382 MB              ; 00:00:04                           ;
; Analysis & Synthesis      ; 00:00:10     ; 1.0                     ; 364 MB              ; 00:00:10                           ;
; Partition Merge           ; 00:00:00     ; 1.0                     ; 350 MB              ; 00:00:01                           ;
; Fitter                    ; 00:00:12     ; 1.4                     ; 571 MB              ; 00:00:13                           ;
; Assembler                 ; 00:00:02     ; 1.0                     ; 357 MB              ; 00:00:02                           ;
; TimeQuest Timing Analyzer ; 00:00:03     ; 1.0                     ; 379 MB              ; 00:00:04                           ;
; Analysis & Synthesis      ; 00:00:10     ; 1.0                     ; 364 MB              ; 00:00:10                           ;
; Partition Merge           ; 00:00:01     ; 1.0                     ; 350 MB              ; 00:00:01                           ;
; Fitter                    ; 00:00:11     ; 1.2                     ; 574 MB              ; 00:00:13                           ;
; Assembler                 ; 00:00:01     ; 1.0                     ; 357 MB              ; 00:00:02                           ;
; TimeQuest Timing Analyzer ; 00:00:04     ; 1.0                     ; 383 MB              ; 00:00:04                           ;
; Analysis & Synthesis      ; 00:00:09     ; 1.0                     ; 364 MB              ; 00:00:10                           ;
; Partition Merge           ; 00:00:01     ; 1.0                     ; 350 MB              ; 00:00:01                           ;
; Fitter                    ; 00:00:11     ; 1.3                     ; 574 MB              ; 00:00:13                           ;
; Assembler                 ; 00:00:01     ; 1.0                     ; 357 MB              ; 00:00:02                           ;
; TimeQuest Timing Analyzer ; 00:00:04     ; 1.3                     ; 383 MB              ; 00:00:04                           ;
; Analysis & Synthesis      ; 00:00:10     ; 1.0                     ; 364 MB              ; 00:00:10                           ;
; Partition Merge           ; 00:00:01     ; 1.0                     ; 350 MB              ; 00:00:01                           ;
; Fitter                    ; 00:00:12     ; 1.2                     ; 572 MB              ; 00:00:13                           ;
; Assembler                 ; 00:00:02     ; 1.0                     ; 357 MB              ; 00:00:02                           ;
; TimeQuest Timing Analyzer ; 00:00:04     ; 1.3                     ; 383 MB              ; 00:00:04                           ;
; Analysis & Synthesis      ; 00:00:09     ; 1.0                     ; 364 MB              ; 00:00:09                           ;
; Partition Merge           ; 00:00:01     ; 1.0                     ; 350 MB              ; 00:00:01                           ;
; Fitter                    ; 00:00:11     ; 1.4                     ; 574 MB              ; 00:00:12                           ;
; Assembler                 ; 00:00:01     ; 1.0                     ; 357 MB              ; 00:00:02                           ;
; TimeQuest Timing Analyzer ; 00:00:04     ; 1.0                     ; 383 MB              ; 00:00:04                           ;
; Analysis & Synthesis      ; 00:00:09     ; 1.0                     ; 364 MB              ; 00:00:10                           ;
; Partition Merge           ; 00:00:01     ; 1.0                     ; 350 MB              ; 00:00:01                           ;
; Fitter                    ; 00:00:11     ; 1.4                     ; 580 MB              ; 00:00:13                           ;
; Assembler                 ; 00:00:01     ; 1.0                     ; 357 MB              ; 00:00:02                           ;
; TimeQuest Timing Analyzer ; 00:00:04     ; 1.3                     ; 379 MB              ; 00:00:04                           ;
; Analysis & Synthesis      ; 00:00:09     ; 1.0                     ; 364 MB              ; 00:00:09                           ;
; Partition Merge           ; 00:00:01     ; 1.0                     ; 350 MB              ; 00:00:01                           ;
; Fitter                    ; 00:00:14     ; 1.2                     ; 572 MB              ; 00:00:15                           ;
; Assembler                 ; 00:00:02     ; 1.0                     ; 357 MB              ; 00:00:02                           ;
; TimeQuest Timing Analyzer ; 00:00:04     ; 1.3                     ; 374 MB              ; 00:00:05                           ;
; Analysis & Synthesis      ; 00:00:09     ; 1.0                     ; 364 MB              ; 00:00:09                           ;
; Partition Merge           ; 00:00:00     ; 1.0                     ; 350 MB              ; 00:00:01                           ;
; Fitter                    ; 00:00:11     ; 1.2                     ; 575 MB              ; 00:00:12                           ;
; Assembler                 ; 00:00:01     ; 1.0                     ; 357 MB              ; 00:00:01                           ;
; TimeQuest Timing Analyzer ; 00:00:04     ; 1.0                     ; 378 MB              ; 00:00:03                           ;
; Analysis & Synthesis      ; 00:00:11     ; 1.0                     ; 364 MB              ; 00:00:10                           ;
; Partition Merge           ; 00:00:01     ; 1.0                     ; 350 MB              ; 00:00:01                           ;
; Fitter                    ; 00:00:13     ; 1.3                     ; 571 MB              ; 00:00:14                           ;
; Assembler                 ; 00:00:02     ; 1.0                     ; 357 MB              ; 00:00:01                           ;
; TimeQuest Timing Analyzer ; 00:00:04     ; 1.0                     ; 382 MB              ; 00:00:04                           ;
; Analysis & Synthesis      ; 00:00:10     ; 1.0                     ; 364 MB              ; 00:00:10                           ;
; Partition Merge           ; 00:00:01     ; 1.0                     ; 350 MB              ; 00:00:01                           ;
; Fitter                    ; 00:00:13     ; 1.3                     ; 575 MB              ; 00:00:14                           ;
; Assembler                 ; 00:00:02     ; 1.0                     ; 357 MB              ; 00:00:02                           ;
; TimeQuest Timing Analyzer ; 00:00:04     ; 1.0                     ; 379 MB              ; 00:00:05                           ;
; Analysis & Synthesis      ; 00:00:10     ; 1.0                     ; 364 MB              ; 00:00:10                           ;
; Partition Merge           ; 00:00:01     ; 1.0                     ; 350 MB              ; 00:00:01                           ;
; Fitter                    ; 00:00:10     ; 1.4                     ; 572 MB              ; 00:00:12                           ;
; Assembler                 ; 00:00:01     ; 1.0                     ; 357 MB              ; 00:00:01                           ;
; TimeQuest Timing Analyzer ; 00:00:04     ; 1.0                     ; 383 MB              ; 00:00:04                           ;
; Analysis & Synthesis      ; 00:00:10     ; 1.0                     ; 364 MB              ; 00:00:10                           ;
; Partition Merge           ; 00:00:01     ; 1.0                     ; 350 MB              ; 00:00:01                           ;
; Fitter                    ; 00:00:10     ; 1.2                     ; 575 MB              ; 00:00:12                           ;
; Assembler                 ; 00:00:01     ; 1.0                     ; 357 MB              ; 00:00:01                           ;
; Analysis & Synthesis      ; 00:00:09     ; 1.0                     ; 364 MB              ; 00:00:10                           ;
; Partition Merge           ; 00:00:01     ; 1.0                     ; 350 MB              ; 00:00:01                           ;
; Fitter                    ; 00:00:11     ; 1.1                     ; 574 MB              ; 00:00:12                           ;
; Assembler                 ; 00:00:01     ; 1.0                     ; 357 MB              ; 00:00:02                           ;
; TimeQuest Timing Analyzer ; 00:00:04     ; 1.0                     ; 387 MB              ; 00:00:04                           ;
; Analysis & Synthesis      ; 00:00:10     ; 1.0                     ; 364 MB              ; 00:00:10                           ;
; Partition Merge           ; 00:00:01     ; 1.0                     ; 350 MB              ; 00:00:01                           ;
; Fitter                    ; 00:00:10     ; 1.3                     ; 575 MB              ; 00:00:12                           ;
; Assembler                 ; 00:00:01     ; 1.0                     ; 357 MB              ; 00:00:01                           ;
; TimeQuest Timing Analyzer ; 00:00:04     ; 1.0                     ; 391 MB              ; 00:00:04                           ;
; Analysis & Synthesis      ; 00:00:01     ; 1.0                     ; 337 MB              ; 00:00:01                           ;
; Analysis & Synthesis      ; 00:00:09     ; 1.0                     ; 376 MB              ; 00:00:09                           ;
; Analysis & Synthesis      ; 00:00:09     ; 1.0                     ; 368 MB              ; 00:00:09                           ;
; Partition Merge           ; 00:00:01     ; 1.0                     ; 350 MB              ; 00:00:01                           ;
; Fitter                    ; 00:00:10     ; 1.3                     ; 574 MB              ; 00:00:11                           ;
; Assembler                 ; 00:00:02     ; 1.0                     ; 357 MB              ; 00:00:01                           ;
; TimeQuest Timing Analyzer ; 00:00:03     ; 1.3                     ; 382 MB              ; 00:00:03                           ;
; Analysis & Synthesis      ; 00:00:01     ; 1.0                     ; 337 MB              ; 00:00:01                           ;
; Analysis & Synthesis      ; 00:00:01     ; 1.0                     ; 345 MB              ; 00:00:01                           ;
; Analysis & Synthesis      ; 00:00:06     ; 1.0                     ; 363 MB              ; 00:00:06                           ;
; Analysis & Synthesis      ; 00:00:06     ; 1.0                     ; 363 MB              ; 00:00:06                           ;
; Analysis & Synthesis      ; 00:00:01     ; 1.0                     ; 337 MB              ; 00:00:01                           ;
; Analysis & Synthesis      ; 00:00:00     ; 1.0                     ; 337 MB              ; 00:00:01                           ;
; Analysis & Synthesis      ; 00:00:01     ; 1.0                     ; 337 MB              ; 00:00:01                           ;
; Analysis & Synthesis      ; 00:00:01     ; 1.0                     ; 337 MB              ; 00:00:01                           ;
; Analysis & Synthesis      ; 00:00:00     ; 1.0                     ; 337 MB              ; 00:00:01                           ;
; Analysis & Synthesis      ; 00:00:01     ; 1.0                     ; 337 MB              ; 00:00:01                           ;
; Analysis & Synthesis      ; 00:00:01     ; 1.0                     ; 337 MB              ; 00:00:01                           ;
; Analysis & Synthesis      ; 00:00:01     ; 1.0                     ; 337 MB              ; 00:00:01                           ;
; Analysis & Synthesis      ; 00:00:01     ; 1.0                     ; 337 MB              ; 00:00:01                           ;
; Analysis & Synthesis      ; 00:00:06     ; 1.0                     ; 363 MB              ; 00:00:06                           ;
; Analysis & Synthesis      ; 00:00:09     ; 1.0                     ; 367 MB              ; 00:00:09                           ;
; Partition Merge           ; 00:00:01     ; 1.0                     ; 350 MB              ; 00:00:01                           ;
; Fitter                    ; 00:00:10     ; 1.1                     ; 575 MB              ; 00:00:12                           ;
; Assembler                 ; 00:00:01     ; 1.0                     ; 357 MB              ; 00:00:01                           ;
; TimeQuest Timing Analyzer ; 00:00:03     ; 1.0                     ; 387 MB              ; 00:00:03                           ;
; Analysis & Synthesis      ; 00:00:01     ; 1.0                     ; 345 MB              ; 00:00:01                           ;
; Analysis & Synthesis      ; 00:00:09     ; 1.0                     ; 368 MB              ; 00:00:09                           ;
; Analysis & Synthesis      ; 00:00:02     ; 1.0                     ; 353 MB              ; 00:00:01                           ;
; Partition Merge           ; 00:00:01     ; 1.0                     ; 350 MB              ; 00:00:01                           ;
; Fitter                    ; 00:00:11     ; 1.3                     ; 572 MB              ; 00:00:12                           ;
; Assembler                 ; 00:00:02     ; 1.0                     ; 357 MB              ; 00:00:02                           ;
; TimeQuest Timing Analyzer ; 00:00:03     ; 1.0                     ; 387 MB              ; 00:00:04                           ;
; Analysis & Synthesis      ; 00:00:09     ; 1.0                     ; 364 MB              ; 00:00:09                           ;
; Partition Merge           ; 00:00:00     ; 1.0                     ; 350 MB              ; 00:00:01                           ;
; Fitter                    ; 00:00:11     ; 1.1                     ; 576 MB              ; 00:00:12                           ;
; Assembler                 ; 00:00:01     ; 1.0                     ; 357 MB              ; 00:00:01                           ;
; TimeQuest Timing Analyzer ; 00:00:03     ; 1.0                     ; 382 MB              ; 00:00:03                           ;
; Analysis & Synthesis      ; 00:00:09     ; 1.0                     ; 364 MB              ; 00:00:09                           ;
; Partition Merge           ; 00:00:01     ; 1.0                     ; 350 MB              ; 00:00:01                           ;
; Fitter                    ; 00:00:11     ; 1.1                     ; 576 MB              ; 00:00:12                           ;
; Assembler                 ; 00:00:02     ; 1.0                     ; 357 MB              ; 00:00:01                           ;
; TimeQuest Timing Analyzer ; 00:00:03     ; 1.0                     ; 382 MB              ; 00:00:03                           ;
; Total                     ; 00:19:27     ; --                      ; --                  ; 00:20:52                           ;
+---------------------------+--------------+-------------------------+---------------------+------------------------------------+


+----------------------------------------------------------------------------------------+
; Flow OS Summary                                                                        ;
+---------------------------+------------------+-----------+------------+----------------+
; Module Name               ; Machine Hostname ; OS Name   ; OS Version ; Processor type ;
+---------------------------+------------------+-----------+------------+----------------+
; Analysis & Synthesis      ; PC-20131016-X64  ; Windows 7 ; 6.1        ; x86_64         ;
; Fitter                    ; PC-20131016-X64  ; Windows 7 ; 6.1        ; x86_64         ;
; Assembler                 ; PC-20131016-X64  ; Windows 7 ; 6.1        ; x86_64         ;
; TimeQuest Timing Analyzer ; PC-20131016-X64  ; Windows 7 ; 6.1        ; x86_64         ;
; Analysis & Synthesis      ; PC-20131016-X64  ; Windows 7 ; 6.1        ; x86_64         ;
; Partition Merge           ; PC-20131016-X64  ; Windows 7 ; 6.1        ; x86_64         ;
; Fitter                    ; PC-20131016-X64  ; Windows 7 ; 6.1        ; x86_64         ;
; Assembler                 ; PC-20131016-X64  ; Windows 7 ; 6.1        ; x86_64         ;
; TimeQuest Timing Analyzer ; PC-20131016-X64  ; Windows 7 ; 6.1        ; x86_64         ;
; Analysis & Synthesis      ; PC-20131016-X64  ; Windows 7 ; 6.1        ; x86_64         ;
; Partition Merge           ; PC-20131016-X64  ; Windows 7 ; 6.1        ; x86_64         ;
; Fitter                    ; PC-20131016-X64  ; Windows 7 ; 6.1        ; x86_64         ;
; Assembler                 ; PC-20131016-X64  ; Windows 7 ; 6.1        ; x86_64         ;
; TimeQuest Timing Analyzer ; PC-20131016-X64  ; Windows 7 ; 6.1        ; x86_64         ;
; Analysis & Synthesis      ; PC-20131016-X64  ; Windows 7 ; 6.1        ; x86_64         ;
; Analysis & Synthesis      ; PC-20131016-X64  ; Windows 7 ; 6.1        ; x86_64         ;
; Partition Merge           ; PC-20131016-X64  ; Windows 7 ; 6.1        ; x86_64         ;
; Fitter                    ; PC-20131016-X64  ; Windows 7 ; 6.1        ; x86_64         ;
; Assembler                 ; PC-20131016-X64  ; Windows 7 ; 6.1        ; x86_64         ;
; TimeQuest Timing Analyzer ; PC-20131016-X64  ; Windows 7 ; 6.1        ; x86_64         ;
; Analysis & Synthesis      ; PC-20131016-X64  ; Windows 7 ; 6.1        ; x86_64         ;
; Analysis & Synthesis      ; PC-20131016-X64  ; Windows 7 ; 6.1        ; x86_64         ;
; Partition Merge           ; PC-20131016-X64  ; Windows 7 ; 6.1        ; x86_64         ;
; Fitter                    ; PC-20131016-X64  ; Windows 7 ; 6.1        ; x86_64         ;
; Assembler                 ; PC-20131016-X64  ; Windows 7 ; 6.1        ; x86_64         ;
; TimeQuest Timing Analyzer ; PC-20131016-X64  ; Windows 7 ; 6.1        ; x86_64         ;
; Analysis & Synthesis      ; PC-20131016-X64  ; Windows 7 ; 6.1        ; x86_64         ;
; Partition Merge           ; PC-20131016-X64  ; Windows 7 ; 6.1        ; x86_64         ;
; Fitter                    ; PC-20131016-X64  ; Windows 7 ; 6.1        ; x86_64         ;
; Assembler                 ; PC-20131016-X64  ; Windows 7 ; 6.1        ; x86_64         ;
; TimeQuest Timing Analyzer ; PC-20131016-X64  ; Windows 7 ; 6.1        ; x86_64         ;
; Analysis & Synthesis      ; PC-20131016-X64  ; Windows 7 ; 6.1        ; x86_64         ;
; Partition Merge           ; PC-20131016-X64  ; Windows 7 ; 6.1        ; x86_64         ;
; Fitter                    ; PC-20131016-X64  ; Windows 7 ; 6.1        ; x86_64         ;
; Assembler                 ; PC-20131016-X64  ; Windows 7 ; 6.1        ; x86_64         ;
; TimeQuest Timing Analyzer ; PC-20131016-X64  ; Windows 7 ; 6.1        ; x86_64         ;
; Analysis & Synthesis      ; PC-20131016-X64  ; Windows 7 ; 6.1        ; x86_64         ;
; Partition Merge           ; PC-20131016-X64  ; Windows 7 ; 6.1        ; x86_64         ;
; Fitter                    ; PC-20131016-X64  ; Windows 7 ; 6.1        ; x86_64         ;
; Assembler                 ; PC-20131016-X64  ; Windows 7 ; 6.1        ; x86_64         ;
; TimeQuest Timing Analyzer ; PC-20131016-X64  ; Windows 7 ; 6.1        ; x86_64         ;
; Analysis & Synthesis      ; PC-20131016-X64  ; Windows 7 ; 6.1        ; x86_64         ;
; Analysis & Synthesis      ; PC-20131016-X64  ; Windows 7 ; 6.1        ; x86_64         ;
; Partition Merge           ; PC-20131016-X64  ; Windows 7 ; 6.1        ; x86_64         ;
; Fitter                    ; PC-20131016-X64  ; Windows 7 ; 6.1        ; x86_64         ;
; Assembler                 ; PC-20131016-X64  ; Windows 7 ; 6.1        ; x86_64         ;
; TimeQuest Timing Analyzer ; PC-20131016-X64  ; Windows 7 ; 6.1        ; x86_64         ;
; Analysis & Synthesis      ; PC-20131016-X64  ; Windows 7 ; 6.1        ; x86_64         ;
; Partition Merge           ; PC-20131016-X64  ; Windows 7 ; 6.1        ; x86_64         ;
; Analysis & Synthesis      ; PC-20131016-X64  ; Windows 7 ; 6.1        ; x86_64         ;
; Partition Merge           ; PC-20131016-X64  ; Windows 7 ; 6.1        ; x86_64         ;
; Fitter                    ; PC-20131016-X64  ; Windows 7 ; 6.1        ; x86_64         ;
; Assembler                 ; PC-20131016-X64  ; Windows 7 ; 6.1        ; x86_64         ;
; TimeQuest Timing Analyzer ; PC-20131016-X64  ; Windows 7 ; 6.1        ; x86_64         ;
; Analysis & Synthesis      ; PC-20131016-X64  ; Windows 7 ; 6.1        ; x86_64         ;
; Partition Merge           ; PC-20131016-X64  ; Windows 7 ; 6.1        ; x86_64         ;
; Fitter                    ; PC-20131016-X64  ; Windows 7 ; 6.1        ; x86_64         ;
; Assembler                 ; PC-20131016-X64  ; Windows 7 ; 6.1        ; x86_64         ;
; TimeQuest Timing Analyzer ; PC-20131016-X64  ; Windows 7 ; 6.1        ; x86_64         ;
; Analysis & Synthesis      ; PC-20131016-X64  ; Windows 7 ; 6.1        ; x86_64         ;
; Partition Merge           ; PC-20131016-X64  ; Windows 7 ; 6.1        ; x86_64         ;
; Fitter                    ; PC-20131016-X64  ; Windows 7 ; 6.1        ; x86_64         ;
; Analysis & Synthesis      ; PC-20131016-X64  ; Windows 7 ; 6.1        ; x86_64         ;
; Partition Merge           ; PC-20131016-X64  ; Windows 7 ; 6.1        ; x86_64         ;
; Fitter                    ; PC-20131016-X64  ; Windows 7 ; 6.1        ; x86_64         ;
; Assembler                 ; PC-20131016-X64  ; Windows 7 ; 6.1        ; x86_64         ;
; TimeQuest Timing Analyzer ; PC-20131016-X64  ; Windows 7 ; 6.1        ; x86_64         ;
; Analysis & Synthesis      ; PC-20131016-X64  ; Windows 7 ; 6.1        ; x86_64         ;
; Partition Merge           ; PC-20131016-X64  ; Windows 7 ; 6.1        ; x86_64         ;
; Fitter                    ; PC-20131016-X64  ; Windows 7 ; 6.1        ; x86_64         ;
; Assembler                 ; PC-20131016-X64  ; Windows 7 ; 6.1        ; x86_64         ;
; TimeQuest Timing Analyzer ; PC-20131016-X64  ; Windows 7 ; 6.1        ; x86_64         ;
; Analysis & Synthesis      ; PC-20131016-X64  ; Windows 7 ; 6.1        ; x86_64         ;
; Partition Merge           ; PC-20131016-X64  ; Windows 7 ; 6.1        ; x86_64         ;
; Fitter                    ; PC-20131016-X64  ; Windows 7 ; 6.1        ; x86_64         ;
; Assembler                 ; PC-20131016-X64  ; Windows 7 ; 6.1        ; x86_64         ;
; TimeQuest Timing Analyzer ; PC-20131016-X64  ; Windows 7 ; 6.1        ; x86_64         ;
; Analysis & Synthesis      ; PC-20131016-X64  ; Windows 7 ; 6.1        ; x86_64         ;
; Partition Merge           ; PC-20131016-X64  ; Windows 7 ; 6.1        ; x86_64         ;
; Fitter                    ; PC-20131016-X64  ; Windows 7 ; 6.1        ; x86_64         ;
; Assembler                 ; PC-20131016-X64  ; Windows 7 ; 6.1        ; x86_64         ;
; TimeQuest Timing Analyzer ; PC-20131016-X64  ; Windows 7 ; 6.1        ; x86_64         ;
; Analysis & Synthesis      ; PC-20131016-X64  ; Windows 7 ; 6.1        ; x86_64         ;
; Partition Merge           ; PC-20131016-X64  ; Windows 7 ; 6.1        ; x86_64         ;
; Fitter                    ; PC-20131016-X64  ; Windows 7 ; 6.1        ; x86_64         ;
; Assembler                 ; PC-20131016-X64  ; Windows 7 ; 6.1        ; x86_64         ;
; TimeQuest Timing Analyzer ; PC-20131016-X64  ; Windows 7 ; 6.1        ; x86_64         ;
; Analysis & Synthesis      ; PC-20131016-X64  ; Windows 7 ; 6.1        ; x86_64         ;
; Partition Merge           ; PC-20131016-X64  ; Windows 7 ; 6.1        ; x86_64         ;
; Fitter                    ; PC-20131016-X64  ; Windows 7 ; 6.1        ; x86_64         ;
; Assembler                 ; PC-20131016-X64  ; Windows 7 ; 6.1        ; x86_64         ;
; TimeQuest Timing Analyzer ; PC-20131016-X64  ; Windows 7 ; 6.1        ; x86_64         ;
; Analysis & Synthesis      ; PC-20131016-X64  ; Windows 7 ; 6.1        ; x86_64         ;
; Partition Merge           ; PC-20131016-X64  ; Windows 7 ; 6.1        ; x86_64         ;
; Fitter                    ; PC-20131016-X64  ; Windows 7 ; 6.1        ; x86_64         ;
; Assembler                 ; PC-20131016-X64  ; Windows 7 ; 6.1        ; x86_64         ;
; TimeQuest Timing Analyzer ; PC-20131016-X64  ; Windows 7 ; 6.1        ; x86_64         ;
; Analysis & Synthesis      ; PC-20131016-X64  ; Windows 7 ; 6.1        ; x86_64         ;
; Partition Merge           ; PC-20131016-X64  ; Windows 7 ; 6.1        ; x86_64         ;
; Fitter                    ; PC-20131016-X64  ; Windows 7 ; 6.1        ; x86_64         ;
; Assembler                 ; PC-20131016-X64  ; Windows 7 ; 6.1        ; x86_64         ;
; TimeQuest Timing Analyzer ; PC-20131016-X64  ; Windows 7 ; 6.1        ; x86_64         ;
; Analysis & Synthesis      ; PC-20131016-X64  ; Windows 7 ; 6.1        ; x86_64         ;
; Partition Merge           ; PC-20131016-X64  ; Windows 7 ; 6.1        ; x86_64         ;
; Fitter                    ; PC-20131016-X64  ; Windows 7 ; 6.1        ; x86_64         ;
; Assembler                 ; PC-20131016-X64  ; Windows 7 ; 6.1        ; x86_64         ;
; TimeQuest Timing Analyzer ; PC-20131016-X64  ; Windows 7 ; 6.1        ; x86_64         ;
; Analysis & Synthesis      ; PC-20131016-X64  ; Windows 7 ; 6.1        ; x86_64         ;
; Partition Merge           ; PC-20131016-X64  ; Windows 7 ; 6.1        ; x86_64         ;
; Fitter                    ; PC-20131016-X64  ; Windows 7 ; 6.1        ; x86_64         ;
; Assembler                 ; PC-20131016-X64  ; Windows 7 ; 6.1        ; x86_64         ;
; TimeQuest Timing Analyzer ; PC-20131016-X64  ; Windows 7 ; 6.1        ; x86_64         ;
; Analysis & Synthesis      ; PC-20131016-X64  ; Windows 7 ; 6.1        ; x86_64         ;
; Partition Merge           ; PC-20131016-X64  ; Windows 7 ; 6.1        ; x86_64         ;
; Fitter                    ; PC-20131016-X64  ; Windows 7 ; 6.1        ; x86_64         ;
; Assembler                 ; PC-20131016-X64  ; Windows 7 ; 6.1        ; x86_64         ;
; TimeQuest Timing Analyzer ; PC-20131016-X64  ; Windows 7 ; 6.1        ; x86_64         ;
; Analysis & Synthesis      ; PC-20131016-X64  ; Windows 7 ; 6.1        ; x86_64         ;
; Partition Merge           ; PC-20131016-X64  ; Windows 7 ; 6.1        ; x86_64         ;
; Fitter                    ; PC-20131016-X64  ; Windows 7 ; 6.1        ; x86_64         ;
; Assembler                 ; PC-20131016-X64  ; Windows 7 ; 6.1        ; x86_64         ;
; TimeQuest Timing Analyzer ; PC-20131016-X64  ; Windows 7 ; 6.1        ; x86_64         ;
; Analysis & Synthesis      ; PC-20131016-X64  ; Windows 7 ; 6.1        ; x86_64         ;
; Partition Merge           ; PC-20131016-X64  ; Windows 7 ; 6.1        ; x86_64         ;
; Fitter                    ; PC-20131016-X64  ; Windows 7 ; 6.1        ; x86_64         ;
; Assembler                 ; PC-20131016-X64  ; Windows 7 ; 6.1        ; x86_64         ;
; TimeQuest Timing Analyzer ; PC-20131016-X64  ; Windows 7 ; 6.1        ; x86_64         ;
; Analysis & Synthesis      ; PC-20131016-X64  ; Windows 7 ; 6.1        ; x86_64         ;
; Partition Merge           ; PC-20131016-X64  ; Windows 7 ; 6.1        ; x86_64         ;
; Fitter                    ; PC-20131016-X64  ; Windows 7 ; 6.1        ; x86_64         ;
; Assembler                 ; PC-20131016-X64  ; Windows 7 ; 6.1        ; x86_64         ;
; TimeQuest Timing Analyzer ; PC-20131016-X64  ; Windows 7 ; 6.1        ; x86_64         ;
; Analysis & Synthesis      ; PC-20131016-X64  ; Windows 7 ; 6.1        ; x86_64         ;
; Partition Merge           ; PC-20131016-X64  ; Windows 7 ; 6.1        ; x86_64         ;
; Fitter                    ; PC-20131016-X64  ; Windows 7 ; 6.1        ; x86_64         ;
; Assembler                 ; PC-20131016-X64  ; Windows 7 ; 6.1        ; x86_64         ;
; TimeQuest Timing Analyzer ; PC-20131016-X64  ; Windows 7 ; 6.1        ; x86_64         ;
; Analysis & Synthesis      ; PC-20131016-X64  ; Windows 7 ; 6.1        ; x86_64         ;
; Partition Merge           ; PC-20131016-X64  ; Windows 7 ; 6.1        ; x86_64         ;
; Fitter                    ; PC-20131016-X64  ; Windows 7 ; 6.1        ; x86_64         ;
; Assembler                 ; PC-20131016-X64  ; Windows 7 ; 6.1        ; x86_64         ;
; TimeQuest Timing Analyzer ; PC-20131016-X64  ; Windows 7 ; 6.1        ; x86_64         ;
; Analysis & Synthesis      ; PC-20131016-X64  ; Windows 7 ; 6.1        ; x86_64         ;
; Partition Merge           ; PC-20131016-X64  ; Windows 7 ; 6.1        ; x86_64         ;
; Fitter                    ; PC-20131016-X64  ; Windows 7 ; 6.1        ; x86_64         ;
; Assembler                 ; PC-20131016-X64  ; Windows 7 ; 6.1        ; x86_64         ;
; TimeQuest Timing Analyzer ; PC-20131016-X64  ; Windows 7 ; 6.1        ; x86_64         ;
; Analysis & Synthesis      ; PC-20131016-X64  ; Windows 7 ; 6.1        ; x86_64         ;
; Partition Merge           ; PC-20131016-X64  ; Windows 7 ; 6.1        ; x86_64         ;
; Fitter                    ; PC-20131016-X64  ; Windows 7 ; 6.1        ; x86_64         ;
; Assembler                 ; PC-20131016-X64  ; Windows 7 ; 6.1        ; x86_64         ;
; TimeQuest Timing Analyzer ; PC-20131016-X64  ; Windows 7 ; 6.1        ; x86_64         ;
; Analysis & Synthesis      ; PC-20131016-X64  ; Windows 7 ; 6.1        ; x86_64         ;
; Partition Merge           ; PC-20131016-X64  ; Windows 7 ; 6.1        ; x86_64         ;
; Fitter                    ; PC-20131016-X64  ; Windows 7 ; 6.1        ; x86_64         ;
; Assembler                 ; PC-20131016-X64  ; Windows 7 ; 6.1        ; x86_64         ;
; TimeQuest Timing Analyzer ; PC-20131016-X64  ; Windows 7 ; 6.1        ; x86_64         ;
; Analysis & Synthesis      ; PC-20131016-X64  ; Windows 7 ; 6.1        ; x86_64         ;
; Partition Merge           ; PC-20131016-X64  ; Windows 7 ; 6.1        ; x86_64         ;
; Fitter                    ; PC-20131016-X64  ; Windows 7 ; 6.1        ; x86_64         ;
; Assembler                 ; PC-20131016-X64  ; Windows 7 ; 6.1        ; x86_64         ;
; TimeQuest Timing Analyzer ; PC-20131016-X64  ; Windows 7 ; 6.1        ; x86_64         ;
; Analysis & Synthesis      ; PC-20131016-X64  ; Windows 7 ; 6.1        ; x86_64         ;
; Partition Merge           ; PC-20131016-X64  ; Windows 7 ; 6.1        ; x86_64         ;
; Fitter                    ; PC-20131016-X64  ; Windows 7 ; 6.1        ; x86_64         ;
; Assembler                 ; PC-20131016-X64  ; Windows 7 ; 6.1        ; x86_64         ;
; TimeQuest Timing Analyzer ; PC-20131016-X64  ; Windows 7 ; 6.1        ; x86_64         ;
; Analysis & Synthesis      ; PC-20131016-X64  ; Windows 7 ; 6.1        ; x86_64         ;
; Partition Merge           ; PC-20131016-X64  ; Windows 7 ; 6.1        ; x86_64         ;
; Fitter                    ; PC-20131016-X64  ; Windows 7 ; 6.1        ; x86_64         ;
; Assembler                 ; PC-20131016-X64  ; Windows 7 ; 6.1        ; x86_64         ;
; TimeQuest Timing Analyzer ; PC-20131016-X64  ; Windows 7 ; 6.1        ; x86_64         ;
; Analysis & Synthesis      ; PC-20131016-X64  ; Windows 7 ; 6.1        ; x86_64         ;
; Partition Merge           ; PC-20131016-X64  ; Windows 7 ; 6.1        ; x86_64         ;
; Fitter                    ; PC-20131016-X64  ; Windows 7 ; 6.1        ; x86_64         ;
; Assembler                 ; PC-20131016-X64  ; Windows 7 ; 6.1        ; x86_64         ;
; TimeQuest Timing Analyzer ; PC-20131016-X64  ; Windows 7 ; 6.1        ; x86_64         ;
; Analysis & Synthesis      ; PC-20131016-X64  ; Windows 7 ; 6.1        ; x86_64         ;
; Partition Merge           ; PC-20131016-X64  ; Windows 7 ; 6.1        ; x86_64         ;
; Fitter                    ; PC-20131016-X64  ; Windows 7 ; 6.1        ; x86_64         ;
; Assembler                 ; PC-20131016-X64  ; Windows 7 ; 6.1        ; x86_64         ;
; TimeQuest Timing Analyzer ; PC-20131016-X64  ; Windows 7 ; 6.1        ; x86_64         ;
; Analysis & Synthesis      ; PC-20131016-X64  ; Windows 7 ; 6.1        ; x86_64         ;
; Partition Merge           ; PC-20131016-X64  ; Windows 7 ; 6.1        ; x86_64         ;
; Fitter                    ; PC-20131016-X64  ; Windows 7 ; 6.1        ; x86_64         ;
; Assembler                 ; PC-20131016-X64  ; Windows 7 ; 6.1        ; x86_64         ;
; Analysis & Synthesis      ; PC-20131016-X64  ; Windows 7 ; 6.1        ; x86_64         ;
; Partition Merge           ; PC-20131016-X64  ; Windows 7 ; 6.1        ; x86_64         ;
; Fitter                    ; PC-20131016-X64  ; Windows 7 ; 6.1        ; x86_64         ;
; Assembler                 ; PC-20131016-X64  ; Windows 7 ; 6.1        ; x86_64         ;
; TimeQuest Timing Analyzer ; PC-20131016-X64  ; Windows 7 ; 6.1        ; x86_64         ;
; Analysis & Synthesis      ; PC-20131016-X64  ; Windows 7 ; 6.1        ; x86_64         ;
; Partition Merge           ; PC-20131016-X64  ; Windows 7 ; 6.1        ; x86_64         ;
; Fitter                    ; PC-20131016-X64  ; Windows 7 ; 6.1        ; x86_64         ;
; Assembler                 ; PC-20131016-X64  ; Windows 7 ; 6.1        ; x86_64         ;
; TimeQuest Timing Analyzer ; PC-20131016-X64  ; Windows 7 ; 6.1        ; x86_64         ;
; Analysis & Synthesis      ; PC-20131016-X64  ; Windows 7 ; 6.1        ; x86_64         ;
; Analysis & Synthesis      ; PC-20131016-X64  ; Windows 7 ; 6.1        ; x86_64         ;
; Analysis & Synthesis      ; PC-20131016-X64  ; Windows 7 ; 6.1        ; x86_64         ;
; Partition Merge           ; PC-20131016-X64  ; Windows 7 ; 6.1        ; x86_64         ;
; Fitter                    ; PC-20131016-X64  ; Windows 7 ; 6.1        ; x86_64         ;
; Assembler                 ; PC-20131016-X64  ; Windows 7 ; 6.1        ; x86_64         ;
; TimeQuest Timing Analyzer ; PC-20131016-X64  ; Windows 7 ; 6.1        ; x86_64         ;
; Analysis & Synthesis      ; PC-20131016-X64  ; Windows 7 ; 6.1        ; x86_64         ;
; Analysis & Synthesis      ; PC-20131016-X64  ; Windows 7 ; 6.1        ; x86_64         ;
; Analysis & Synthesis      ; PC-20131016-X64  ; Windows 7 ; 6.1        ; x86_64         ;
; Analysis & Synthesis      ; PC-20131016-X64  ; Windows 7 ; 6.1        ; x86_64         ;
; Analysis & Synthesis      ; PC-20131016-X64  ; Windows 7 ; 6.1        ; x86_64         ;
; Analysis & Synthesis      ; PC-20131016-X64  ; Windows 7 ; 6.1        ; x86_64         ;
; Analysis & Synthesis      ; PC-20131016-X64  ; Windows 7 ; 6.1        ; x86_64         ;
; Analysis & Synthesis      ; PC-20131016-X64  ; Windows 7 ; 6.1        ; x86_64         ;
; Analysis & Synthesis      ; PC-20131016-X64  ; Windows 7 ; 6.1        ; x86_64         ;
; Analysis & Synthesis      ; PC-20131016-X64  ; Windows 7 ; 6.1        ; x86_64         ;
; Analysis & Synthesis      ; PC-20131016-X64  ; Windows 7 ; 6.1        ; x86_64         ;
; Analysis & Synthesis      ; PC-20131016-X64  ; Windows 7 ; 6.1        ; x86_64         ;
; Analysis & Synthesis      ; PC-20131016-X64  ; Windows 7 ; 6.1        ; x86_64         ;
; Analysis & Synthesis      ; PC-20131016-X64  ; Windows 7 ; 6.1        ; x86_64         ;
; Analysis & Synthesis      ; PC-20131016-X64  ; Windows 7 ; 6.1        ; x86_64         ;
; Partition Merge           ; PC-20131016-X64  ; Windows 7 ; 6.1        ; x86_64         ;
; Fitter                    ; PC-20131016-X64  ; Windows 7 ; 6.1        ; x86_64         ;
; Assembler                 ; PC-20131016-X64  ; Windows 7 ; 6.1        ; x86_64         ;
; TimeQuest Timing Analyzer ; PC-20131016-X64  ; Windows 7 ; 6.1        ; x86_64         ;
; Analysis & Synthesis      ; PC-20131016-X64  ; Windows 7 ; 6.1        ; x86_64         ;
; Analysis & Synthesis      ; PC-20131016-X64  ; Windows 7 ; 6.1        ; x86_64         ;
; Analysis & Synthesis      ; PC-20131016-X64  ; Windows 7 ; 6.1        ; x86_64         ;
; Partition Merge           ; PC-20131016-X64  ; Windows 7 ; 6.1        ; x86_64         ;
; Fitter                    ; PC-20131016-X64  ; Windows 7 ; 6.1        ; x86_64         ;
; Assembler                 ; PC-20131016-X64  ; Windows 7 ; 6.1        ; x86_64         ;
; TimeQuest Timing Analyzer ; PC-20131016-X64  ; Windows 7 ; 6.1        ; x86_64         ;
; Analysis & Synthesis      ; PC-20131016-X64  ; Windows 7 ; 6.1        ; x86_64         ;
; Partition Merge           ; PC-20131016-X64  ; Windows 7 ; 6.1        ; x86_64         ;
; Fitter                    ; PC-20131016-X64  ; Windows 7 ; 6.1        ; x86_64         ;
; Assembler                 ; PC-20131016-X64  ; Windows 7 ; 6.1        ; x86_64         ;
; TimeQuest Timing Analyzer ; PC-20131016-X64  ; Windows 7 ; 6.1        ; x86_64         ;
; Analysis & Synthesis      ; PC-20131016-X64  ; Windows 7 ; 6.1        ; x86_64         ;
; Partition Merge           ; PC-20131016-X64  ; Windows 7 ; 6.1        ; x86_64         ;
; Fitter                    ; PC-20131016-X64  ; Windows 7 ; 6.1        ; x86_64         ;
; Assembler                 ; PC-20131016-X64  ; Windows 7 ; 6.1        ; x86_64         ;
; TimeQuest Timing Analyzer ; PC-20131016-X64  ; Windows 7 ; 6.1        ; x86_64         ;
+---------------------------+------------------+-----------+------------+----------------+


------------
; Flow Log ;
------------
quartus_map --read_settings_files=on --write_settings_files=off top -c top
quartus_fit --read_settings_files=off --write_settings_files=off top -c top
quartus_asm --read_settings_files=off --write_settings_files=off top -c top
quartus_sta top -c top
quartus_map --read_settings_files=on --write_settings_files=off top -c top
quartus_cdb --read_settings_files=off --write_settings_files=off top -c top --merge=on
quartus_fit --read_settings_files=off --write_settings_files=off top -c top
quartus_asm --read_settings_files=off --write_settings_files=off top -c top
quartus_sta top -c top
quartus_map --read_settings_files=on --write_settings_files=off top -c top
quartus_cdb --read_settings_files=off --write_settings_files=off top -c top --merge=on
quartus_fit --read_settings_files=off --write_settings_files=off top -c top
quartus_asm --read_settings_files=off --write_settings_files=off top -c top
quartus_sta top -c top
quartus_map --read_settings_files=on --write_settings_files=off top -c top
quartus_map --read_settings_files=on --write_settings_files=off top -c top
quartus_cdb --read_settings_files=off --write_settings_files=off top -c top --merge=on
quartus_fit --read_settings_files=off --write_settings_files=off top -c top
quartus_asm --read_settings_files=off --write_settings_files=off top -c top
quartus_sta top -c top
quartus_map --read_settings_files=on --write_settings_files=off top -c top
quartus_map --read_settings_files=on --write_settings_files=off top -c top
quartus_cdb --read_settings_files=off --write_settings_files=off top -c top --merge=on
quartus_fit --read_settings_files=off --write_settings_files=off top -c top
quartus_asm --read_settings_files=off --write_settings_files=off top -c top
quartus_sta top -c top
quartus_map --read_settings_files=on --write_settings_files=off top -c top
quartus_cdb --read_settings_files=off --write_settings_files=off top -c top --merge=on
quartus_fit --read_settings_files=off --write_settings_files=off top -c top
quartus_asm --read_settings_files=off --write_settings_files=off top -c top
quartus_sta top -c top
quartus_map --read_settings_files=on --write_settings_files=off top -c top
quartus_cdb --read_settings_files=off --write_settings_files=off top -c top --merge=on
quartus_fit --read_settings_files=off --write_settings_files=off top -c top
quartus_asm --read_settings_files=off --write_settings_files=off top -c top
quartus_sta top -c top
quartus_map --read_settings_files=on --write_settings_files=off top -c top
quartus_cdb --read_settings_files=off --write_settings_files=off top -c top --merge=on
quartus_fit --read_settings_files=off --write_settings_files=off top -c top
quartus_asm --read_settings_files=off --write_settings_files=off top -c top
quartus_sta top -c top
quartus_map --read_settings_files=on --write_settings_files=off top -c top
quartus_map --read_settings_files=on --write_settings_files=off top -c top
quartus_cdb --read_settings_files=off --write_settings_files=off top -c top --merge=on
quartus_fit --read_settings_files=off --write_settings_files=off top -c top
quartus_asm --read_settings_files=off --write_settings_files=off top -c top
quartus_sta top -c top
quartus_map --read_settings_files=on --write_settings_files=off top -c top
quartus_cdb --read_settings_files=off --write_settings_files=off top -c top --merge=on
quartus_map --read_settings_files=on --write_settings_files=off top -c top
quartus_cdb --read_settings_files=off --write_settings_files=off top -c top --merge=on
quartus_fit --read_settings_files=off --write_settings_files=off top -c top
quartus_asm --read_settings_files=off --write_settings_files=off top -c top
quartus_sta top -c top
quartus_map --read_settings_files=on --write_settings_files=off top -c top
quartus_cdb --read_settings_files=off --write_settings_files=off top -c top --merge=on
quartus_fit --read_settings_files=off --write_settings_files=off top -c top
quartus_asm --read_settings_files=off --write_settings_files=off top -c top
quartus_sta top -c top
quartus_map --read_settings_files=on --write_settings_files=off top -c top
quartus_cdb --read_settings_files=off --write_settings_files=off top -c top --merge=on
quartus_fit --read_settings_files=off --write_settings_files=off top -c top
quartus_map --read_settings_files=on --write_settings_files=off top -c top
quartus_cdb --read_settings_files=off --write_settings_files=off top -c top --merge=on
quartus_fit --read_settings_files=off --write_settings_files=off top -c top
quartus_asm --read_settings_files=off --write_settings_files=off top -c top
quartus_sta top -c top
quartus_map --read_settings_files=on --write_settings_files=off top -c top
quartus_cdb --read_settings_files=off --write_settings_files=off top -c top --merge=on
quartus_fit --read_settings_files=off --write_settings_files=off top -c top
quartus_asm --read_settings_files=off --write_settings_files=off top -c top
quartus_sta top -c top
quartus_map --read_settings_files=on --write_settings_files=off top -c top
quartus_cdb --read_settings_files=off --write_settings_files=off top -c top --merge=on
quartus_fit --read_settings_files=off --write_settings_files=off top -c top
quartus_asm --read_settings_files=off --write_settings_files=off top -c top
quartus_sta top -c top
quartus_map --read_settings_files=on --write_settings_files=off top -c top
quartus_cdb --read_settings_files=off --write_settings_files=off top -c top --merge=on
quartus_fit --read_settings_files=off --write_settings_files=off top -c top
quartus_asm --read_settings_files=off --write_settings_files=off top -c top
quartus_sta top -c top
quartus_map --read_settings_files=on --write_settings_files=off top -c top
quartus_cdb --read_settings_files=off --write_settings_files=off top -c top --merge=on
quartus_fit --read_settings_files=off --write_settings_files=off top -c top
quartus_asm --read_settings_files=off --write_settings_files=off top -c top
quartus_sta top -c top
quartus_map --read_settings_files=on --write_settings_files=off top -c top
quartus_cdb --read_settings_files=off --write_settings_files=off top -c top --merge=on
quartus_fit --read_settings_files=off --write_settings_files=off top -c top
quartus_asm --read_settings_files=off --write_settings_files=off top -c top
quartus_sta top -c top
quartus_map --read_settings_files=on --write_settings_files=off top -c top
quartus_cdb --read_settings_files=off --write_settings_files=off top -c top --merge=on
quartus_fit --read_settings_files=off --write_settings_files=off top -c top
quartus_asm --read_settings_files=off --write_settings_files=off top -c top
quartus_sta top -c top
quartus_map --read_settings_files=on --write_settings_files=off top -c top
quartus_cdb --read_settings_files=off --write_settings_files=off top -c top --merge=on
quartus_fit --read_settings_files=off --write_settings_files=off top -c top
quartus_asm --read_settings_files=off --write_settings_files=off top -c top
quartus_sta top -c top
quartus_map --read_settings_files=on --write_settings_files=off top -c top
quartus_cdb --read_settings_files=off --write_settings_files=off top -c top --merge=on
quartus_fit --read_settings_files=off --write_settings_files=off top -c top
quartus_asm --read_settings_files=off --write_settings_files=off top -c top
quartus_sta top -c top
quartus_map --read_settings_files=on --write_settings_files=off top -c top
quartus_cdb --read_settings_files=off --write_settings_files=off top -c top --merge=on
quartus_fit --read_settings_files=off --write_settings_files=off top -c top
quartus_asm --read_settings_files=off --write_settings_files=off top -c top
quartus_sta top -c top
quartus_map --read_settings_files=on --write_settings_files=off top -c top
quartus_cdb --read_settings_files=off --write_settings_files=off top -c top --merge=on
quartus_fit --read_settings_files=off --write_settings_files=off top -c top
quartus_asm --read_settings_files=off --write_settings_files=off top -c top
quartus_sta top -c top
quartus_map --read_settings_files=on --write_settings_files=off top -c top
quartus_cdb --read_settings_files=off --write_settings_files=off top -c top --merge=on
quartus_fit --read_settings_files=off --write_settings_files=off top -c top
quartus_asm --read_settings_files=off --write_settings_files=off top -c top
quartus_sta top -c top
quartus_map --read_settings_files=on --write_settings_files=off top -c top
quartus_cdb --read_settings_files=off --write_settings_files=off top -c top --merge=on
quartus_fit --read_settings_files=off --write_settings_files=off top -c top
quartus_asm --read_settings_files=off --write_settings_files=off top -c top
quartus_sta top -c top
quartus_map --read_settings_files=on --write_settings_files=off top -c top
quartus_cdb --read_settings_files=off --write_settings_files=off top -c top --merge=on
quartus_fit --read_settings_files=off --write_settings_files=off top -c top
quartus_asm --read_settings_files=off --write_settings_files=off top -c top
quartus_sta top -c top
quartus_map --read_settings_files=on --write_settings_files=off top -c top
quartus_cdb --read_settings_files=off --write_settings_files=off top -c top --merge=on
quartus_fit --read_settings_files=off --write_settings_files=off top -c top
quartus_asm --read_settings_files=off --write_settings_files=off top -c top
quartus_sta top -c top
quartus_map --read_settings_files=on --write_settings_files=off top -c top
quartus_cdb --read_settings_files=off --write_settings_files=off top -c top --merge=on
quartus_fit --read_settings_files=off --write_settings_files=off top -c top
quartus_asm --read_settings_files=off --write_settings_files=off top -c top
quartus_sta top -c top
quartus_map --read_settings_files=on --write_settings_files=off top -c top
quartus_cdb --read_settings_files=off --write_settings_files=off top -c top --merge=on
quartus_fit --read_settings_files=off --write_settings_files=off top -c top
quartus_asm --read_settings_files=off --write_settings_files=off top -c top
quartus_sta top -c top
quartus_map --read_settings_files=on --write_settings_files=off top -c top
quartus_cdb --read_settings_files=off --write_settings_files=off top -c top --merge=on
quartus_fit --read_settings_files=off --write_settings_files=off top -c top
quartus_asm --read_settings_files=off --write_settings_files=off top -c top
quartus_sta top -c top
quartus_map --read_settings_files=on --write_settings_files=off top -c top
quartus_cdb --read_settings_files=off --write_settings_files=off top -c top --merge=on
quartus_fit --read_settings_files=off --write_settings_files=off top -c top
quartus_asm --read_settings_files=off --write_settings_files=off top -c top
quartus_sta top -c top
quartus_map --read_settings_files=on --write_settings_files=off top -c top
quartus_cdb --read_settings_files=off --write_settings_files=off top -c top --merge=on
quartus_fit --read_settings_files=off --write_settings_files=off top -c top
quartus_asm --read_settings_files=off --write_settings_files=off top -c top
quartus_sta top -c top
quartus_map --read_settings_files=on --write_settings_files=off top -c top
quartus_cdb --read_settings_files=off --write_settings_files=off top -c top --merge=on
quartus_fit --read_settings_files=off --write_settings_files=off top -c top
quartus_asm --read_settings_files=off --write_settings_files=off top -c top
quartus_sta top -c top
quartus_map --read_settings_files=on --write_settings_files=off top -c top
quartus_cdb --read_settings_files=off --write_settings_files=off top -c top --merge=on
quartus_fit --read_settings_files=off --write_settings_files=off top -c top
quartus_asm --read_settings_files=off --write_settings_files=off top -c top
quartus_sta top -c top
quartus_map --read_settings_files=on --write_settings_files=off top -c top
quartus_cdb --read_settings_files=off --write_settings_files=off top -c top --merge=on
quartus_fit --read_settings_files=off --write_settings_files=off top -c top
quartus_asm --read_settings_files=off --write_settings_files=off top -c top
quartus_sta top -c top
quartus_map --read_settings_files=on --write_settings_files=off top -c top
quartus_cdb --read_settings_files=off --write_settings_files=off top -c top --merge=on
quartus_fit --read_settings_files=off --write_settings_files=off top -c top
quartus_asm --read_settings_files=off --write_settings_files=off top -c top
quartus_sta top -c top
quartus_map --read_settings_files=on --write_settings_files=off top -c top
quartus_cdb --read_settings_files=off --write_settings_files=off top -c top --merge=on
quartus_fit --read_settings_files=off --write_settings_files=off top -c top
quartus_asm --read_settings_files=off --write_settings_files=off top -c top
quartus_map --read_settings_files=on --write_settings_files=off top -c top
quartus_cdb --read_settings_files=off --write_settings_files=off top -c top --merge=on
quartus_fit --read_settings_files=off --write_settings_files=off top -c top
quartus_asm --read_settings_files=off --write_settings_files=off top -c top
quartus_sta top -c top
quartus_map --read_settings_files=on --write_settings_files=off top -c top
quartus_cdb --read_settings_files=off --write_settings_files=off top -c top --merge=on
quartus_fit --read_settings_files=off --write_settings_files=off top -c top
quartus_asm --read_settings_files=off --write_settings_files=off top -c top
quartus_sta top -c top
quartus_map --read_settings_files=on --write_settings_files=off top -c top
quartus_map --read_settings_files=on --write_settings_files=off top -c top
quartus_map --read_settings_files=on --write_settings_files=off top -c top
quartus_cdb --read_settings_files=off --write_settings_files=off top -c top --merge=on
quartus_fit --read_settings_files=off --write_settings_files=off top -c top
quartus_asm --read_settings_files=off --write_settings_files=off top -c top
quartus_sta top -c top
quartus_map --read_settings_files=on --write_settings_files=off top -c top
quartus_map --read_settings_files=on --write_settings_files=off top -c top
quartus_map --read_settings_files=on --write_settings_files=off top -c top
quartus_map --read_settings_files=on --write_settings_files=off top -c top
quartus_map --read_settings_files=on --write_settings_files=off top -c top
quartus_map --read_settings_files=on --write_settings_files=off top -c top
quartus_map --read_settings_files=on --write_settings_files=off top -c top
quartus_map --read_settings_files=on --write_settings_files=off top -c top
quartus_map --read_settings_files=on --write_settings_files=off top -c top
quartus_map --read_settings_files=on --write_settings_files=off top -c top
quartus_map --read_settings_files=on --write_settings_files=off top -c top
quartus_map --read_settings_files=on --write_settings_files=off top -c top
quartus_map --read_settings_files=on --write_settings_files=off top -c top
quartus_map --read_settings_files=on --write_settings_files=off top -c top
quartus_map --read_settings_files=on --write_settings_files=off top -c top
quartus_cdb --read_settings_files=off --write_settings_files=off top -c top --merge=on
quartus_fit --read_settings_files=off --write_settings_files=off top -c top
quartus_asm --read_settings_files=off --write_settings_files=off top -c top
quartus_sta top -c top
quartus_map --read_settings_files=on --write_settings_files=off top -c top
quartus_map --read_settings_files=on --write_settings_files=off top -c top
quartus_map --read_settings_files=on --write_settings_files=off top -c top
quartus_cdb --read_settings_files=off --write_settings_files=off top -c top --merge=on
quartus_fit --read_settings_files=off --write_settings_files=off top -c top
quartus_asm --read_settings_files=off --write_settings_files=off top -c top
quartus_sta top -c top
quartus_map --read_settings_files=on --write_settings_files=off top -c top
quartus_cdb --read_settings_files=off --write_settings_files=off top -c top --merge=on
quartus_fit --read_settings_files=off --write_settings_files=off top -c top
quartus_asm --read_settings_files=off --write_settings_files=off top -c top
quartus_sta top -c top
quartus_map --read_settings_files=on --write_settings_files=off top -c top
quartus_cdb --read_settings_files=off --write_settings_files=off top -c top --merge=on
quartus_fit --read_settings_files=off --write_settings_files=off top -c top
quartus_asm --read_settings_files=off --write_settings_files=off top -c top
quartus_sta top -c top



